obj\Debug\net5.0\blazor\unlinked\GloboTicket.TicketManagement.App.dll
obj\Debug\net5.0\blazor\unlinked\System.Net.Primitives.dll
obj\Debug\net5.0\blazor\unlinked\System.dll
obj\Debug\net5.0\blazor\unlinked\WebAssembly.Net.WebSockets.dll
obj\Debug\net5.0\blazor\unlinked\System.Memory.dll
obj\Debug\net5.0\blazor\unlinked\mscorlib.dll
obj\Debug\net5.0\blazor\unlinked\WebAssembly.Bindings.dll
obj\Debug\net5.0\blazor\unlinked\netstandard.dll
obj\Debug\net5.0\blazor\unlinked\System.Xml.Linq.dll
obj\Debug\net5.0\blazor\unlinked\System.Core.dll
obj\Debug\net5.0\blazor\unlinked\System.Xml.dll
obj\Debug\net5.0\blazor\unlinked\System.Transactions.dll
obj\Debug\net5.0\blazor\unlinked\System.Runtime.Serialization.dll
obj\Debug\net5.0\blazor\unlinked\System.ServiceModel.Internals.dll
obj\Debug\net5.0\blazor\unlinked\System.Numerics.dll
obj\Debug\net5.0\blazor\unlinked\System.Net.Http.dll
obj\Debug\net5.0\blazor\unlinked\System.Net.Http.WebAssemblyHttpHandler.dll
obj\Debug\net5.0\blazor\unlinked\System.ComponentModel.Composition.dll
obj\Debug\net5.0\blazor\unlinked\System.IO.Compression.FileSystem.dll
obj\Debug\net5.0\blazor\unlinked\System.IO.Compression.dll
obj\Debug\net5.0\blazor\unlinked\System.Drawing.Common.dll
obj\Debug\net5.0\blazor\unlinked\System.Data.DataSetExtensions.dll
obj\Debug\net5.0\blazor\unlinked\System.Data.dll
obj\Debug\net5.0\blazor\unlinked\Mono.Security.dll
obj\Debug\net5.0\blazor\unlinked\Microsoft.Extensions.Http.dll
obj\Debug\net5.0\blazor\unlinked\Microsoft.Extensions.Logging.dll
obj\Debug\net5.0\blazor\unlinked\System.Threading.dll
obj\Debug\net5.0\blazor\unlinked\System.ComponentModel.dll
obj\Debug\net5.0\blazor\unlinked\System.Runtime.Extensions.dll
obj\Debug\net5.0\blazor\unlinked\System.Linq.dll
obj\Debug\net5.0\blazor\unlinked\Microsoft.Extensions.DependencyInjection.dll
obj\Debug\net5.0\blazor\unlinked\System.Reflection.Primitives.dll
obj\Debug\net5.0\blazor\unlinked\System.Reflection.Emit.ILGeneration.dll
obj\Debug\net5.0\blazor\unlinked\System.Reflection.Emit.Lightweight.dll
obj\Debug\net5.0\blazor\unlinked\System.Diagnostics.Debug.dll
obj\Debug\net5.0\blazor\unlinked\System.Collections.Concurrent.dll
obj\Debug\net5.0\blazor\unlinked\System.Linq.Expressions.dll
obj\Debug\net5.0\blazor\unlinked\System.Diagnostics.Tracing.dll
obj\Debug\net5.0\blazor\unlinked\Microsoft.Extensions.DependencyInjection.Abstractions.dll
obj\Debug\net5.0\blazor\unlinked\System.Collections.dll
obj\Debug\net5.0\blazor\unlinked\System.Resources.ResourceManager.dll
obj\Debug\net5.0\blazor\unlinked\System.Runtime.dll
obj\Debug\net5.0\blazor\unlinked\Microsoft.Extensions.Logging.Abstractions.dll
obj\Debug\net5.0\blazor\unlinked\Microsoft.Extensions.Options.dll
obj\Debug\net5.0\blazor\unlinked\Microsoft.Extensions.Primitives.dll
obj\Debug\net5.0\blazor\unlinked\System.Runtime.CompilerServices.Unsafe.dll
obj\Debug\net5.0\blazor\unlinked\System.Threading.Tasks.dll
obj\Debug\net5.0\blazor\unlinked\System.Threading.Timer.dll
obj\Debug\net5.0\blazor\unlinked\Microsoft.AspNetCore.Authorization.dll
obj\Debug\net5.0\blazor\unlinked\System.Security.Principal.dll
obj\Debug\net5.0\blazor\unlinked\System.Security.Claims.dll
obj\Debug\net5.0\blazor\unlinked\Microsoft.AspNetCore.Metadata.dll
obj\Debug\net5.0\blazor\unlinked\AutoMapper.Extensions.Microsoft.DependencyInjection.dll
obj\Debug\net5.0\blazor\unlinked\AutoMapper.dll
obj\Debug\net5.0\blazor\unlinked\System.Reflection.Emit.dll
obj\Debug\net5.0\blazor\unlinked\Microsoft.CSharp.dll
obj\Debug\net5.0\blazor\unlinked\System.Text.Json.dll
obj\Debug\net5.0\blazor\unlinked\System.Buffers.dll
obj\Debug\net5.0\blazor\unlinked\System.Numerics.Vectors.dll
obj\Debug\net5.0\blazor\unlinked\System.Text.Encoding.Extensions.dll
obj\Debug\net5.0\blazor\unlinked\GloboTicket.TicketManagement.Application.dll
obj\Debug\net5.0\blazor\unlinked\System.Console.dll
obj\Debug\net5.0\blazor\unlinked\MediatR.Extensions.Microsoft.DependencyInjection.dll
obj\Debug\net5.0\blazor\unlinked\MediatR.dll
obj\Debug\net5.0\blazor\unlinked\FluentValidation.dll
obj\Debug\net5.0\blazor\unlinked\GloboTicket.TicketManagement.Domain.dll
obj\Debug\net5.0\blazor\unlinked\Microsoft.AspNetCore.Components.Web.dll
obj\Debug\net5.0\blazor\unlinked\Microsoft.AspNetCore.Components.Forms.dll
obj\Debug\net5.0\blazor\unlinked\System.ComponentModel.Annotations.dll
obj\Debug\net5.0\blazor\unlinked\System.ComponentModel.DataAnnotations.dll
obj\Debug\net5.0\blazor\unlinked\Microsoft.AspNetCore.Components.dll
obj\Debug\net5.0\blazor\unlinked\System.Runtime.InteropServices.RuntimeInformation.dll
obj\Debug\net5.0\blazor\unlinked\System.ObjectModel.dll
obj\Debug\net5.0\blazor\unlinked\System.ComponentModel.TypeConverter.dll
obj\Debug\net5.0\blazor\unlinked\Microsoft.JSInterop.dll
obj\Debug\net5.0\blazor\unlinked\System.Runtime.Serialization.Primitives.dll
obj\Debug\net5.0\blazor\unlinked\Newtonsoft.Json.dll
obj\Debug\net5.0\blazor\unlinked\Blazored.LocalStorage.dll
obj\Debug\net5.0\blazor\unlinked\Microsoft.AspNetCore.Components.Authorization.dll
obj\Debug\net5.0\blazor\unlinked\Microsoft.Extensions.Configuration.Abstractions.dll
obj\Debug\net5.0\blazor\unlinked\Microsoft.AspNetCore.Components.WebAssembly.dll
obj\Debug\net5.0\blazor\unlinked\Microsoft.Extensions.Configuration.dll
obj\Debug\net5.0\blazor\unlinked\Microsoft.Extensions.Configuration.Json.dll
obj\Debug\net5.0\blazor\unlinked\Microsoft.Extensions.Configuration.FileExtensions.dll
obj\Debug\net5.0\blazor\unlinked\System.IO.FileSystem.dll
obj\Debug\net5.0\blazor\unlinked\System.Threading.Thread.dll
obj\Debug\net5.0\blazor\unlinked\Microsoft.Extensions.FileProviders.Physical.dll
obj\Debug\net5.0\blazor\unlinked\System.Security.Cryptography.Primitives.dll
obj\Debug\net5.0\blazor\unlinked\System.ComponentModel.Primitives.dll
obj\Debug\net5.0\blazor\unlinked\System.Security.Cryptography.Algorithms.dll
obj\Debug\net5.0\blazor\unlinked\Microsoft.Extensions.FileSystemGlobbing.dll
obj\Debug\net5.0\blazor\unlinked\System.IO.FileSystem.Watcher.dll
obj\Debug\net5.0\blazor\unlinked\Microsoft.Extensions.FileProviders.Abstractions.dll
obj\Debug\net5.0\blazor\unlinked\Microsoft.JSInterop.WebAssembly.dll
obj\Debug\net5.0\blazor\unlinked\GloboTicket.TicketManagement.App.pdb
obj\Debug\net5.0\blazor\unlinked\GloboTicket.TicketManagement.Application.pdb
obj\Debug\net5.0\blazor\unlinked\GloboTicket.TicketManagement.Domain.pdb
